2025-07-05 14:52:20 - moe_kgc - INFO - Logging to experiments/moe_kgc_batch_experiment/logs/moe_kgc_20250705_145220.log
2025-07-05 14:52:20 - moe_kgc - INFO - 开始实验: moe_kgc_batch_experiment
2025-07-05 14:52:20 - moe_kgc - INFO - 使用设备: cuda
2025-07-05 14:52:20 - moe_kgc - INFO - 加载数据...
2025-07-05 14:52:20 - moe_kgc - INFO - 加载预处理的PyG数据...
2025-07-05 14:52:20 - moe_kgc - INFO - 创建mini-batch数据加载器...
2025-07-05 14:52:20 - moe_kgc - INFO - 数据加载完成:
2025-07-05 14:52:20 - moe_kgc - INFO -   训练批次数: 7827
2025-07-05 14:52:20 - moe_kgc - INFO -   验证批次数: 534
2025-07-05 14:52:20 - moe_kgc - INFO -   测试批次数: 509
2025-07-05 14:52:20 - moe_kgc - INFO - 初始化模型...
2025-07-05 14:52:20 - moe_kgc - INFO - 检测到5个GPU设备
2025-07-05 14:52:20 - moe_kgc - INFO - GPU 0: 已使用 0.00GB / 44.34GB (0.0%)
2025-07-05 14:52:21 - moe_kgc - INFO - GPU 1: 已使用 0.00GB / 44.34GB (0.0%)
2025-07-05 14:52:21 - moe_kgc - INFO - GPU 2: 已使用 0.00GB / 44.34GB (0.0%)
2025-07-05 14:52:21 - moe_kgc - INFO - GPU 3: 已使用 0.00GB / 47.32GB (0.0%)
2025-07-05 14:52:21 - moe_kgc - INFO - GPU 4: 已使用 0.00GB / 44.34GB (0.0%)
2025-07-05 14:52:21 - moe_kgc - WARNING - 可用GPU不足，循环使用GPU: [0, 1, 2, 3, 4]，避开0号GPU
2025-07-05 14:52:21 - moe_kgc - INFO - 成功分配设备：['cuda:0', 'cuda:1', 'cuda:2', 'cuda:3', 'cuda:4', 'cuda:0']
2025-07-05 14:52:21 - moe_kgc - INFO - GPU 0 内存状态: 已分配=0.00GB, 已缓存=0.00GB, 总计=44.34GB
2025-07-05 14:52:21 - moe_kgc - INFO - GPU 1 内存状态: 已分配=0.00GB, 已缓存=0.00GB, 总计=44.34GB
2025-07-05 14:52:21 - moe_kgc - INFO - GPU 2 内存状态: 已分配=0.00GB, 已缓存=0.00GB, 总计=44.34GB
2025-07-05 14:52:21 - moe_kgc - INFO - GPU 3 内存状态: 已分配=0.00GB, 已缓存=0.00GB, 总计=47.32GB
2025-07-05 14:52:21 - moe_kgc - INFO - GPU 4 内存状态: 已分配=0.00GB, 已缓存=0.00GB, 总计=44.34GB
2025-07-05 14:52:21 - moe_kgc - INFO - GPU 0 内存状态: 已分配=0.00GB, 已缓存=0.00GB, 总计=44.34GB
2025-07-05 14:52:27 - moe_kgc - INFO - 模型参数量: 119,262,990
2025-07-05 14:52:27 - moe_kgc - INFO - 开始训练...
